::1 - - [12/Sep/2025 00:14:17] "GET / HTTP/1.1" 200 -
::1 - - [12/Sep/2025 00:14:17] "GET /app.js?v=20250908-01 HTTP/1.1" 200 -
::1 - - [12/Sep/2025 00:14:17] "GET /data/json/surveys.json HTTP/1.1" 200 -
::1 - - [12/Sep/2025 00:14:45] "GET /articles/habits-behavior-communication.html HTTP/1.1" 200 -
::1 - - [12/Sep/2025 00:14:45] "GET /data/anki/habits-behavior-communication.csv HTTP/1.1" 200 -
::1 - - [12/Sep/2025 00:20:50] "GET /data/json/surveys.json HTTP/1.1" 200 -
::1 - - [12/Sep/2025 00:21:37] "GET /articles/habits-behavior-communication.html HTTP/1.1" 200 -
::1 - - [12/Sep/2025 00:21:37] "GET /data/anki/habits-behavior-communication.csv HTTP/1.1" 200 -
::1 - - [12/Sep/2025 00:27:03] "GET /data/json/surveys.json HTTP/1.1" 200 -
::1 - - [12/Sep/2025 00:27:09] "GET /articles/habits-behavior-communication.html HTTP/1.1" 304 -
::1 - - [12/Sep/2025 00:27:09] "GET /data/anki/habits-behavior-communication.csv HTTP/1.1" 304 -
::1 - - [12/Sep/2025 00:27:11] "GET /index.html?id=habits-behavior-communication HTTP/1.1" 200 -
::1 - - [12/Sep/2025 00:27:11] "GET /data/json/surveys.json HTTP/1.1" 200 -
::1 - - [12/Sep/2025 00:27:11] "GET /data/json/self-improvement/habits-behavior-words-questions.json HTTP/1.1" 200 -
::1 - - [12/Sep/2025 00:30:51] "GET /index.html?id=habits-behavior-communication HTTP/1.1" 304 -
::1 - - [12/Sep/2025 00:30:51] "GET /data/json/surveys.json HTTP/1.1" 200 -
::1 - - [12/Sep/2025 00:30:51] "GET /data/json/self-improvement/habits-behavior-words-questions.json HTTP/1.1" 200 -
::1 - - [13/Sep/2025 11:33:22] "GET /articles/cpp/memory-ownership-raii.html HTTP/1.1" 200 -
::1 - - [13/Sep/2025 11:33:22] code 404, message File not found
::1 - - [13/Sep/2025 11:33:22] "GET /favicon.ico HTTP/1.1" 404 -
::1 - - [13/Sep/2025 11:33:34] "GET /index.html?id=cpp-advanced-value-lifetimes HTTP/1.1" 200 -
::1 - - [13/Sep/2025 11:33:34] "GET /app.js?v=20250908-01 HTTP/1.1" 200 -
::1 - - [13/Sep/2025 11:33:34] "GET /data/json/surveys.json HTTP/1.1" 200 -
::1 - - [13/Sep/2025 11:33:34] "GET /data/json/cpp/cpp-advanced-value-lifetimes-questions.json HTTP/1.1" 200 -
::1 - - [14/Sep/2025 10:32:02] "GET / HTTP/1.1" 304 -
::1 - - [14/Sep/2025 10:32:02] "GET /app.js?v=20250908-01 HTTP/1.1" 200 -
::1 - - [14/Sep/2025 10:32:02] "GET /data/json/surveys.json HTTP/1.1" 200 -
::1 - - [14/Sep/2025 10:32:02] "GET /data/json/articles.json HTTP/1.1" 200 -
::1 - - [16/Sep/2025 16:50:15] "GET /index.html HTTP/1.1" 200 -
::1 - - [16/Sep/2025 16:50:15] "GET /app.js?v=20250908-01 HTTP/1.1" 200 -
::1 - - [16/Sep/2025 16:50:15] "GET /data/json/surveys.json HTTP/1.1" 200 -
::1 - - [16/Sep/2025 16:50:15] "GET /data/json/articles.json HTTP/1.1" 200 -
::1 - - [16/Sep/2025 16:50:15] code 404, message File not found
::1 - - [16/Sep/2025 16:50:15] "GET /favicon.ico HTTP/1.1" 404 -
::1 - - [16/Sep/2025 16:50:24] "GET /data/json/surveys.json HTTP/1.1" 200 -
::1 - - [16/Sep/2025 16:50:24] "GET /data/json/articles.json HTTP/1.1" 200 -
::1 - - [16/Sep/2025 16:50:24] code 404, message File not found
::1 - - [16/Sep/2025 16:50:24] "GET /favicon.ico HTTP/1.1" 404 -
::1 - - [16/Sep/2025 16:50:39] "GET /index.html HTTP/1.1" 200 -
::1 - - [16/Sep/2025 16:50:39] "GET /app.js?v=20250908-01 HTTP/1.1" 304 -
::1 - - [16/Sep/2025 16:50:39] "GET /data/json/surveys.json HTTP/1.1" 200 -
::1 - - [16/Sep/2025 16:50:39] "GET /data/json/articles.json HTTP/1.1" 200 -
::1 - - [16/Sep/2025 16:50:39] code 404, message File not found
::1 - - [16/Sep/2025 16:50:39] "GET /favicon.ico HTTP/1.1" 404 -
::1 - - [16/Sep/2025 16:50:44] "GET /index.html HTTP/1.1" 304 -
::1 - - [16/Sep/2025 16:50:44] "GET /data/json/surveys.json HTTP/1.1" 200 -
::1 - - [16/Sep/2025 16:50:44] "GET /data/json/articles.json HTTP/1.1" 200 -
::1 - - [16/Sep/2025 19:09:24] "GET / HTTP/1.1" 304 -
::1 - - [16/Sep/2025 19:09:24] "GET /data/json/articles.json HTTP/1.1" 200 -
::1 - - [16/Sep/2025 19:09:24] "GET /data/json/surveys.json HTTP/1.1" 200 -
::1 - - [16/Sep/2025 19:21:19] "GET /data/json/surveys.json HTTP/1.1" 200 -
::1 - - [16/Sep/2025 19:21:19] "GET /data/json/articles.json HTTP/1.1" 200 -
